TN:
SF:src/App.jsx
FN:4,App
FNF:1
FNH:1
FNDA:1,App
LF:0
LH:0
BRF:0
BRH:0
end_of_record
TN:
SF:src/appRoutes/AppRoutes.jsx
FN:8,AppRoutes
FNF:1
FNH:1
FNDA:1,AppRoutes
LF:0
LH:0
BRF:0
BRH:0
end_of_record
TN:
SF:src/component/about/About.jsx
FN:1,About
FNF:1
FNH:0
FNDA:0,About
LF:0
LH:0
BRF:0
BRH:0
end_of_record
TN:
SF:src/component/contact/Contact.jsx
FN:1,Contact
FNF:1
FNH:0
FNDA:0,Contact
LF:0
LH:0
BRF:0
BRH:0
end_of_record
TN:
SF:src/component/faq/Faq.jsx
FN:1,Faq
FNF:1
FNH:0
FNDA:0,Faq
LF:0
LH:0
BRF:0
BRH:0
end_of_record
TN:
SF:src/component/home/Home.jsx
FN:9,Home
FN:22,(anonymous_1)
FN:22,(anonymous_2)
FNF:3
FNH:3
FNDA:2,Home
FNDA:1,(anonymous_1)
FNDA:1,(anonymous_2)
DA:10,2
DA:22,1
LF:2
LH:2
BRF:0
BRH:0
end_of_record
TN:
SF:src/component/pagenotfound/PageNotFound.jsx
FN:1,PageNotFound
FNF:1
FNH:0
FNDA:0,PageNotFound
LF:0
LH:0
BRF:0
BRH:0
end_of_record
